mode: set
github.com/mutsaevz/team-5-ambitious/cmd/main.go:21.13,22.12 1 0
github.com/mutsaevz/team-5-ambitious/cmd/main.go:22.12,24.3 1 0
github.com/mutsaevz/team-5-ambitious/cmd/main.go:25.2,39.15 8 0
github.com/mutsaevz/team-5-ambitious/cmd/main.go:39.15,42.3 2 0
github.com/mutsaevz/team-5-ambitious/cmd/main.go:44.2,49.33 1 0
github.com/mutsaevz/team-5-ambitious/cmd/main.go:49.33,52.3 2 0
github.com/mutsaevz/team-5-ambitious/cmd/main.go:54.2,87.16 16 0
github.com/mutsaevz/team-5-ambitious/cmd/main.go:87.16,89.3 1 0
github.com/mutsaevz/team-5-ambitious/cmd/main.go:91.2,93.42 2 0
github.com/mutsaevz/team-5-ambitious/cmd/main.go:93.42,95.3 1 0
github.com/mutsaevz/team-5-ambitious/internal/config/database.go:12.60,13.40 1 0
github.com/mutsaevz/team-5-ambitious/internal/config/database.go:13.40,15.13 2 0
github.com/mutsaevz/team-5-ambitious/internal/config/database.go:18.2,25.16 3 0
github.com/mutsaevz/team-5-ambitious/internal/config/database.go:25.16,27.13 2 0
github.com/mutsaevz/team-5-ambitious/internal/config/database.go:30.2,31.11 2 0
github.com/mutsaevz/team-5-ambitious/internal/config/loggers.go:9.32,12.49 2 0
github.com/mutsaevz/team-5-ambitious/internal/config/loggers.go:13.15,14.26 1 0
github.com/mutsaevz/team-5-ambitious/internal/config/loggers.go:15.14,16.25 1 0
github.com/mutsaevz/team-5-ambitious/internal/config/loggers.go:17.14,18.25 1 0
github.com/mutsaevz/team-5-ambitious/internal/config/loggers.go:19.15,20.26 1 0
github.com/mutsaevz/team-5-ambitious/internal/config/loggers.go:23.2,27.26 2 0
github.com/mutsaevz/team-5-ambitious/cmd/seed/main.go:28.13,30.40 1 0
github.com/mutsaevz/team-5-ambitious/cmd/seed/main.go:30.40,32.3 1 0
github.com/mutsaevz/team-5-ambitious/cmd/seed/main.go:34.2,35.15 2 0
github.com/mutsaevz/team-5-ambitious/cmd/seed/main.go:35.15,44.3 1 0
github.com/mutsaevz/team-5-ambitious/cmd/seed/main.go:46.2,49.16 2 0
github.com/mutsaevz/team-5-ambitious/cmd/seed/main.go:49.16,51.3 1 0
github.com/mutsaevz/team-5-ambitious/cmd/seed/main.go:54.2,80.44 15 0
github.com/mutsaevz/team-5-ambitious/cmd/seed/main.go:85.36,91.34 4 0
github.com/mutsaevz/team-5-ambitious/cmd/seed/main.go:91.34,99.35 2 0
github.com/mutsaevz/team-5-ambitious/cmd/seed/main.go:99.35,104.4 1 0
github.com/mutsaevz/team-5-ambitious/cmd/seed/main.go:106.3,108.30 2 0
github.com/mutsaevz/team-5-ambitious/cmd/seed/main.go:108.30,110.28 2 0
github.com/mutsaevz/team-5-ambitious/cmd/seed/main.go:110.28,112.5 1 0
github.com/mutsaevz/team-5-ambitious/cmd/seed/main.go:113.4,114.59 2 0
github.com/mutsaevz/team-5-ambitious/cmd/seed/main.go:118.2,118.20 1 0
github.com/mutsaevz/team-5-ambitious/cmd/seed/main.go:118.20,120.27 2 0
github.com/mutsaevz/team-5-ambitious/cmd/seed/main.go:120.27,122.4 1 0
github.com/mutsaevz/team-5-ambitious/cmd/seed/main.go:125.2,126.12 2 0
github.com/mutsaevz/team-5-ambitious/cmd/seed/main.go:131.51,139.33 5 0
github.com/mutsaevz/team-5-ambitious/cmd/seed/main.go:139.33,149.29 3 0
github.com/mutsaevz/team-5-ambitious/cmd/seed/main.go:149.29,151.27 2 0
github.com/mutsaevz/team-5-ambitious/cmd/seed/main.go:151.27,153.5 1 0
github.com/mutsaevz/team-5-ambitious/cmd/seed/main.go:154.4,155.57 2 0
github.com/mutsaevz/team-5-ambitious/cmd/seed/main.go:159.2,159.19 1 0
github.com/mutsaevz/team-5-ambitious/cmd/seed/main.go:159.19,161.26 2 0
github.com/mutsaevz/team-5-ambitious/cmd/seed/main.go:161.26,163.4 1 0
github.com/mutsaevz/team-5-ambitious/cmd/seed/main.go:166.2,167.12 2 0
github.com/mutsaevz/team-5-ambitious/cmd/seed/main.go:172.60,185.34 6 0
github.com/mutsaevz/team-5-ambitious/cmd/seed/main.go:185.34,205.30 5 0
github.com/mutsaevz/team-5-ambitious/cmd/seed/main.go:205.30,207.28 2 0
github.com/mutsaevz/team-5-ambitious/cmd/seed/main.go:207.28,209.5 1 0
github.com/mutsaevz/team-5-ambitious/cmd/seed/main.go:210.4,211.59 2 0
github.com/mutsaevz/team-5-ambitious/cmd/seed/main.go:215.2,215.20 1 0
github.com/mutsaevz/team-5-ambitious/cmd/seed/main.go:215.20,217.27 2 0
github.com/mutsaevz/team-5-ambitious/cmd/seed/main.go:217.27,219.4 1 0
github.com/mutsaevz/team-5-ambitious/cmd/seed/main.go:222.2,223.12 2 0
github.com/mutsaevz/team-5-ambitious/cmd/seed/main.go:228.57,238.37 4 0
github.com/mutsaevz/team-5-ambitious/cmd/seed/main.go:238.37,246.33 3 0
github.com/mutsaevz/team-5-ambitious/cmd/seed/main.go:246.33,250.4 3 0
github.com/mutsaevz/team-5-ambitious/cmd/seed/main.go:253.2,253.23 1 0
github.com/mutsaevz/team-5-ambitious/cmd/seed/main.go:253.23,255.3 1 0
github.com/mutsaevz/team-5-ambitious/cmd/seed/main.go:257.2,257.21 1 0
github.com/mutsaevz/team-5-ambitious/cmd/seed/main.go:262.56,267.36 3 0
github.com/mutsaevz/team-5-ambitious/cmd/seed/main.go:267.36,277.32 3 0
github.com/mutsaevz/team-5-ambitious/cmd/seed/main.go:277.32,281.4 3 0
github.com/mutsaevz/team-5-ambitious/cmd/seed/main.go:284.2,284.22 1 0
github.com/mutsaevz/team-5-ambitious/cmd/seed/main.go:284.22,286.3 1 0
github.com/mutsaevz/team-5-ambitious/cmd/seed/main.go:288.2,288.21 1 0
github.com/mutsaevz/team-5-ambitious/internal/transports/booking_handler.go:19.94,24.2 1 0
github.com/mutsaevz/team-5-ambitious/internal/transports/booking_handler.go:26.57,28.2 2 0
github.com/mutsaevz/team-5-ambitious/internal/transports/booking_handler.go:28.2,35.3 6 0
github.com/mutsaevz/team-5-ambitious/internal/transports/booking_handler.go:38.51,47.51 3 0
github.com/mutsaevz/team-5-ambitious/internal/transports/booking_handler.go:47.51,55.3 3 0
github.com/mutsaevz/team-5-ambitious/internal/transports/booking_handler.go:57.2,58.16 2 0
github.com/mutsaevz/team-5-ambitious/internal/transports/booking_handler.go:58.16,67.3 3 0
github.com/mutsaevz/team-5-ambitious/internal/transports/booking_handler.go:69.2,70.39 2 0
github.com/mutsaevz/team-5-ambitious/internal/transports/booking_handler.go:73.49,82.49 3 0
github.com/mutsaevz/team-5-ambitious/internal/transports/booking_handler.go:82.49,84.17 2 0
github.com/mutsaevz/team-5-ambitious/internal/transports/booking_handler.go:84.17,86.4 1 0
github.com/mutsaevz/team-5-ambitious/internal/transports/booking_handler.go:89.2,89.61 1 0
github.com/mutsaevz/team-5-ambitious/internal/transports/booking_handler.go:89.61,91.17 2 0
github.com/mutsaevz/team-5-ambitious/internal/transports/booking_handler.go:91.17,93.4 1 0
github.com/mutsaevz/team-5-ambitious/internal/transports/booking_handler.go:96.2,98.16 2 0
github.com/mutsaevz/team-5-ambitious/internal/transports/booking_handler.go:98.16,107.3 3 0
github.com/mutsaevz/team-5-ambitious/internal/transports/booking_handler.go:109.2,110.35 2 0
github.com/mutsaevz/team-5-ambitious/internal/transports/booking_handler.go:113.74,125.16 6 0
github.com/mutsaevz/team-5-ambitious/internal/transports/booking_handler.go:125.16,134.3 3 0
github.com/mutsaevz/team-5-ambitious/internal/transports/booking_handler.go:136.2,138.16 2 0
github.com/mutsaevz/team-5-ambitious/internal/transports/booking_handler.go:138.16,146.3 3 0
github.com/mutsaevz/team-5-ambitious/internal/transports/booking_handler.go:148.2,149.35 2 0
github.com/mutsaevz/team-5-ambitious/internal/transports/booking_handler.go:152.52,162.16 4 0
github.com/mutsaevz/team-5-ambitious/internal/transports/booking_handler.go:162.16,171.3 3 0
github.com/mutsaevz/team-5-ambitious/internal/transports/booking_handler.go:173.2,175.16 2 0
github.com/mutsaevz/team-5-ambitious/internal/transports/booking_handler.go:175.16,183.3 3 0
github.com/mutsaevz/team-5-ambitious/internal/transports/booking_handler.go:185.2,186.34 2 0
github.com/mutsaevz/team-5-ambitious/internal/transports/booking_handler.go:189.51,200.16 4 0
github.com/mutsaevz/team-5-ambitious/internal/transports/booking_handler.go:200.16,209.3 3 0
github.com/mutsaevz/team-5-ambitious/internal/transports/booking_handler.go:211.2,213.51 2 0
github.com/mutsaevz/team-5-ambitious/internal/transports/booking_handler.go:213.51,221.3 3 0
github.com/mutsaevz/team-5-ambitious/internal/transports/booking_handler.go:223.2,225.16 2 0
github.com/mutsaevz/team-5-ambitious/internal/transports/booking_handler.go:225.16,234.3 3 0
github.com/mutsaevz/team-5-ambitious/internal/transports/booking_handler.go:236.2,237.34 2 0
github.com/mutsaevz/team-5-ambitious/internal/transports/booking_handler.go:240.51,251.16 4 0
github.com/mutsaevz/team-5-ambitious/internal/transports/booking_handler.go:251.16,260.3 3 0
github.com/mutsaevz/team-5-ambitious/internal/transports/booking_handler.go:262.2,262.51 1 0
github.com/mutsaevz/team-5-ambitious/internal/transports/booking_handler.go:262.51,271.3 3 0
github.com/mutsaevz/team-5-ambitious/internal/transports/booking_handler.go:273.2,274.37 2 0
github.com/mutsaevz/team-5-ambitious/internal/transports/car_handler.go:19.82,24.2 1 0
github.com/mutsaevz/team-5-ambitious/internal/transports/car_handler.go:26.54,35.2 7 0
github.com/mutsaevz/team-5-ambitious/internal/transports/car_handler.go:38.47,40.51 2 0
github.com/mutsaevz/team-5-ambitious/internal/transports/car_handler.go:40.51,44.3 3 0
github.com/mutsaevz/team-5-ambitious/internal/transports/car_handler.go:46.2,48.16 3 0
github.com/mutsaevz/team-5-ambitious/internal/transports/car_handler.go:48.16,52.3 3 0
github.com/mutsaevz/team-5-ambitious/internal/transports/car_handler.go:54.2,55.16 2 0
github.com/mutsaevz/team-5-ambitious/internal/transports/car_handler.go:55.16,59.3 3 0
github.com/mutsaevz/team-5-ambitious/internal/transports/car_handler.go:61.2,62.30 2 0
github.com/mutsaevz/team-5-ambitious/internal/transports/car_handler.go:66.45,70.49 2 0
github.com/mutsaevz/team-5-ambitious/internal/transports/car_handler.go:70.49,72.17 2 0
github.com/mutsaevz/team-5-ambitious/internal/transports/car_handler.go:72.17,74.4 1 0
github.com/mutsaevz/team-5-ambitious/internal/transports/car_handler.go:77.2,77.61 1 0
github.com/mutsaevz/team-5-ambitious/internal/transports/car_handler.go:77.61,79.17 2 0
github.com/mutsaevz/team-5-ambitious/internal/transports/car_handler.go:79.17,81.4 1 0
github.com/mutsaevz/team-5-ambitious/internal/transports/car_handler.go:84.2,85.16 2 0
github.com/mutsaevz/team-5-ambitious/internal/transports/car_handler.go:85.16,89.3 3 0
github.com/mutsaevz/team-5-ambitious/internal/transports/car_handler.go:91.2,92.31 2 0
github.com/mutsaevz/team-5-ambitious/internal/transports/car_handler.go:96.51,99.16 3 0
github.com/mutsaevz/team-5-ambitious/internal/transports/car_handler.go:99.16,103.3 3 0
github.com/mutsaevz/team-5-ambitious/internal/transports/car_handler.go:105.2,106.16 2 0
github.com/mutsaevz/team-5-ambitious/internal/transports/car_handler.go:106.16,110.3 3 0
github.com/mutsaevz/team-5-ambitious/internal/transports/car_handler.go:112.2,113.30 2 0
github.com/mutsaevz/team-5-ambitious/internal/transports/car_handler.go:117.48,120.16 3 0
github.com/mutsaevz/team-5-ambitious/internal/transports/car_handler.go:120.16,124.3 3 0
github.com/mutsaevz/team-5-ambitious/internal/transports/car_handler.go:126.2,127.16 2 0
github.com/mutsaevz/team-5-ambitious/internal/transports/car_handler.go:127.16,131.3 3 0
github.com/mutsaevz/team-5-ambitious/internal/transports/car_handler.go:133.2,134.30 2 0
github.com/mutsaevz/team-5-ambitious/internal/transports/car_handler.go:138.47,141.16 3 0
github.com/mutsaevz/team-5-ambitious/internal/transports/car_handler.go:141.16,145.3 3 0
github.com/mutsaevz/team-5-ambitious/internal/transports/car_handler.go:147.2,148.51 2 0
github.com/mutsaevz/team-5-ambitious/internal/transports/car_handler.go:148.51,152.3 3 0
github.com/mutsaevz/team-5-ambitious/internal/transports/car_handler.go:154.2,155.16 2 0
github.com/mutsaevz/team-5-ambitious/internal/transports/car_handler.go:155.16,159.3 3 0
github.com/mutsaevz/team-5-ambitious/internal/transports/car_handler.go:161.2,162.30 2 0
github.com/mutsaevz/team-5-ambitious/internal/transports/car_handler.go:166.47,169.16 3 0
github.com/mutsaevz/team-5-ambitious/internal/transports/car_handler.go:169.16,173.3 3 0
github.com/mutsaevz/team-5-ambitious/internal/transports/car_handler.go:175.2,175.51 1 0
github.com/mutsaevz/team-5-ambitious/internal/transports/car_handler.go:175.51,179.3 3 0
github.com/mutsaevz/team-5-ambitious/internal/transports/car_handler.go:181.2,182.53 2 0
github.com/mutsaevz/team-5-ambitious/internal/transports/review_handler.go:20.91,25.2 1 0
github.com/mutsaevz/team-5-ambitious/internal/transports/review_handler.go:27.56,29.2 2 0
github.com/mutsaevz/team-5-ambitious/internal/transports/review_handler.go:29.2,35.3 5 0
github.com/mutsaevz/team-5-ambitious/internal/transports/review_handler.go:38.50,41.16 2 0
github.com/mutsaevz/team-5-ambitious/internal/transports/review_handler.go:41.16,49.3 3 0
github.com/mutsaevz/team-5-ambitious/internal/transports/review_handler.go:51.2,52.16 2 0
github.com/mutsaevz/team-5-ambitious/internal/transports/review_handler.go:52.16,60.3 3 0
github.com/mutsaevz/team-5-ambitious/internal/transports/review_handler.go:62.2,64.49 2 0
github.com/mutsaevz/team-5-ambitious/internal/transports/review_handler.go:64.49,72.3 3 0
github.com/mutsaevz/team-5-ambitious/internal/transports/review_handler.go:74.2,76.16 2 0
github.com/mutsaevz/team-5-ambitious/internal/transports/review_handler.go:76.16,78.36 1 0
github.com/mutsaevz/team-5-ambitious/internal/transports/review_handler.go:78.36,81.4 2 0
github.com/mutsaevz/team-5-ambitious/internal/transports/review_handler.go:83.3,83.124 1 0
github.com/mutsaevz/team-5-ambitious/internal/transports/review_handler.go:83.124,86.4 2 0
github.com/mutsaevz/team-5-ambitious/internal/transports/review_handler.go:88.3,94.9 3 0
github.com/mutsaevz/team-5-ambitious/internal/transports/review_handler.go:96.2,100.38 2 0
github.com/mutsaevz/team-5-ambitious/internal/transports/review_handler.go:104.48,108.41 2 0
github.com/mutsaevz/team-5-ambitious/internal/transports/review_handler.go:108.41,110.17 2 0
github.com/mutsaevz/team-5-ambitious/internal/transports/review_handler.go:110.17,112.4 1 0
github.com/mutsaevz/team-5-ambitious/internal/transports/review_handler.go:115.2,115.45 1 0
github.com/mutsaevz/team-5-ambitious/internal/transports/review_handler.go:115.45,117.17 2 0
github.com/mutsaevz/team-5-ambitious/internal/transports/review_handler.go:117.17,119.4 1 0
github.com/mutsaevz/team-5-ambitious/internal/transports/review_handler.go:122.2,123.16 2 0
github.com/mutsaevz/team-5-ambitious/internal/transports/review_handler.go:123.16,131.3 3 0
github.com/mutsaevz/team-5-ambitious/internal/transports/review_handler.go:133.2,133.34 1 0
github.com/mutsaevz/team-5-ambitious/internal/transports/review_handler.go:136.51,139.16 2 0
github.com/mutsaevz/team-5-ambitious/internal/transports/review_handler.go:139.16,147.3 3 0
github.com/mutsaevz/team-5-ambitious/internal/transports/review_handler.go:148.2,149.16 2 0
github.com/mutsaevz/team-5-ambitious/internal/transports/review_handler.go:149.16,150.36 1 0
github.com/mutsaevz/team-5-ambitious/internal/transports/review_handler.go:150.36,153.4 2 0
github.com/mutsaevz/team-5-ambitious/internal/transports/review_handler.go:154.3,160.9 3 0
github.com/mutsaevz/team-5-ambitious/internal/transports/review_handler.go:162.2,166.33 2 0
github.com/mutsaevz/team-5-ambitious/internal/transports/review_handler.go:169.50,171.16 2 0
github.com/mutsaevz/team-5-ambitious/internal/transports/review_handler.go:171.16,179.3 3 0
github.com/mutsaevz/team-5-ambitious/internal/transports/review_handler.go:180.2,181.16 2 0
github.com/mutsaevz/team-5-ambitious/internal/transports/review_handler.go:181.16,189.3 3 0
github.com/mutsaevz/team-5-ambitious/internal/transports/review_handler.go:191.2,192.49 2 0
github.com/mutsaevz/team-5-ambitious/internal/transports/review_handler.go:192.49,195.3 2 0
github.com/mutsaevz/team-5-ambitious/internal/transports/review_handler.go:197.2,198.16 2 0
github.com/mutsaevz/team-5-ambitious/internal/transports/review_handler.go:198.16,199.36 1 0
github.com/mutsaevz/team-5-ambitious/internal/transports/review_handler.go:199.36,202.4 2 0
github.com/mutsaevz/team-5-ambitious/internal/transports/review_handler.go:203.3,204.9 2 0
github.com/mutsaevz/team-5-ambitious/internal/transports/review_handler.go:207.2,207.33 1 0
github.com/mutsaevz/team-5-ambitious/internal/transports/review_handler.go:210.50,214.16 2 0
github.com/mutsaevz/team-5-ambitious/internal/transports/review_handler.go:214.16,220.3 1 0
github.com/mutsaevz/team-5-ambitious/internal/transports/review_handler.go:221.2,223.16 2 0
github.com/mutsaevz/team-5-ambitious/internal/transports/review_handler.go:223.16,231.3 3 0
github.com/mutsaevz/team-5-ambitious/internal/transports/review_handler.go:233.2,233.67 1 0
github.com/mutsaevz/team-5-ambitious/internal/transports/review_handler.go:233.67,234.36 1 0
github.com/mutsaevz/team-5-ambitious/internal/transports/review_handler.go:234.36,237.4 2 0
github.com/mutsaevz/team-5-ambitious/internal/transports/review_handler.go:238.3,239.9 2 0
github.com/mutsaevz/team-5-ambitious/internal/transports/review_handler.go:241.2,241.53 1 0
github.com/mutsaevz/team-5-ambitious/internal/transports/routes.go:18.3,30.2 10 0
github.com/mutsaevz/team-5-ambitious/internal/transports/trip_handler.go:20.85,25.2 1 0
github.com/mutsaevz/team-5-ambitious/internal/transports/trip_handler.go:27.55,29.2 2 0
github.com/mutsaevz/team-5-ambitious/internal/transports/trip_handler.go:29.2,35.3 5 0
github.com/mutsaevz/team-5-ambitious/internal/transports/trip_handler.go:38.48,41.49 2 0
github.com/mutsaevz/team-5-ambitious/internal/transports/trip_handler.go:41.49,44.3 2 0
github.com/mutsaevz/team-5-ambitious/internal/transports/trip_handler.go:46.2,48.16 3 0
github.com/mutsaevz/team-5-ambitious/internal/transports/trip_handler.go:48.16,51.3 2 0
github.com/mutsaevz/team-5-ambitious/internal/transports/trip_handler.go:53.2,54.16 2 0
github.com/mutsaevz/team-5-ambitious/internal/transports/trip_handler.go:54.16,55.36 1 0
github.com/mutsaevz/team-5-ambitious/internal/transports/trip_handler.go:55.36,58.4 2 0
github.com/mutsaevz/team-5-ambitious/internal/transports/trip_handler.go:59.3,61.9 3 0
github.com/mutsaevz/team-5-ambitious/internal/transports/trip_handler.go:64.2,64.36 1 0
github.com/mutsaevz/team-5-ambitious/internal/transports/trip_handler.go:67.46,70.47 2 0
github.com/mutsaevz/team-5-ambitious/internal/transports/trip_handler.go:70.47,72.3 1 0
github.com/mutsaevz/team-5-ambitious/internal/transports/trip_handler.go:74.2,74.41 1 0
github.com/mutsaevz/team-5-ambitious/internal/transports/trip_handler.go:74.41,76.3 1 0
github.com/mutsaevz/team-5-ambitious/internal/transports/trip_handler.go:78.2,78.54 1 0
github.com/mutsaevz/team-5-ambitious/internal/transports/trip_handler.go:78.54,80.17 2 0
github.com/mutsaevz/team-5-ambitious/internal/transports/trip_handler.go:80.17,83.4 2 0
github.com/mutsaevz/team-5-ambitious/internal/transports/trip_handler.go:84.3,84.27 1 0
github.com/mutsaevz/team-5-ambitious/internal/transports/trip_handler.go:87.2,87.49 1 0
github.com/mutsaevz/team-5-ambitious/internal/transports/trip_handler.go:87.49,88.53 1 0
github.com/mutsaevz/team-5-ambitious/internal/transports/trip_handler.go:88.53,90.4 1 0
github.com/mutsaevz/team-5-ambitious/internal/transports/trip_handler.go:93.2,93.61 1 0
github.com/mutsaevz/team-5-ambitious/internal/transports/trip_handler.go:93.61,94.61 1 0
github.com/mutsaevz/team-5-ambitious/internal/transports/trip_handler.go:94.61,96.4 1 0
github.com/mutsaevz/team-5-ambitious/internal/transports/trip_handler.go:99.2,100.16 2 0
github.com/mutsaevz/team-5-ambitious/internal/transports/trip_handler.go:100.16,103.3 2 0
github.com/mutsaevz/team-5-ambitious/internal/transports/trip_handler.go:105.2,105.31 1 0
github.com/mutsaevz/team-5-ambitious/internal/transports/trip_handler.go:108.49,111.16 3 0
github.com/mutsaevz/team-5-ambitious/internal/transports/trip_handler.go:111.16,114.3 2 0
github.com/mutsaevz/team-5-ambitious/internal/transports/trip_handler.go:116.2,117.16 2 0
github.com/mutsaevz/team-5-ambitious/internal/transports/trip_handler.go:117.16,118.36 1 0
github.com/mutsaevz/team-5-ambitious/internal/transports/trip_handler.go:118.36,121.4 2 0
github.com/mutsaevz/team-5-ambitious/internal/transports/trip_handler.go:122.3,124.9 3 0
github.com/mutsaevz/team-5-ambitious/internal/transports/trip_handler.go:127.2,127.31 1 0
github.com/mutsaevz/team-5-ambitious/internal/transports/trip_handler.go:130.48,133.16 3 0
github.com/mutsaevz/team-5-ambitious/internal/transports/trip_handler.go:133.16,136.3 2 0
github.com/mutsaevz/team-5-ambitious/internal/transports/trip_handler.go:138.2,139.49 2 0
github.com/mutsaevz/team-5-ambitious/internal/transports/trip_handler.go:139.49,142.3 2 0
github.com/mutsaevz/team-5-ambitious/internal/transports/trip_handler.go:144.2,145.16 2 0
github.com/mutsaevz/team-5-ambitious/internal/transports/trip_handler.go:145.16,146.36 1 0
github.com/mutsaevz/team-5-ambitious/internal/transports/trip_handler.go:146.36,149.4 2 0
github.com/mutsaevz/team-5-ambitious/internal/transports/trip_handler.go:150.3,152.9 3 0
github.com/mutsaevz/team-5-ambitious/internal/transports/trip_handler.go:155.2,155.31 1 0
github.com/mutsaevz/team-5-ambitious/internal/transports/trip_handler.go:158.48,161.16 3 0
github.com/mutsaevz/team-5-ambitious/internal/transports/trip_handler.go:161.16,164.3 2 0
github.com/mutsaevz/team-5-ambitious/internal/transports/trip_handler.go:166.2,166.51 1 0
github.com/mutsaevz/team-5-ambitious/internal/transports/trip_handler.go:166.51,167.36 1 0
github.com/mutsaevz/team-5-ambitious/internal/transports/trip_handler.go:167.36,170.4 2 0
github.com/mutsaevz/team-5-ambitious/internal/transports/trip_handler.go:171.3,173.9 3 0
github.com/mutsaevz/team-5-ambitious/internal/transports/trip_handler.go:176.2,176.53 1 0
github.com/mutsaevz/team-5-ambitious/internal/transports/user_handler.go:19.85,24.2 1 0
github.com/mutsaevz/team-5-ambitious/internal/transports/user_handler.go:26.54,28.2 2 0
github.com/mutsaevz/team-5-ambitious/internal/transports/user_handler.go:28.2,34.3 5 0
github.com/mutsaevz/team-5-ambitious/internal/transports/user_handler.go:37.48,45.51 3 0
github.com/mutsaevz/team-5-ambitious/internal/transports/user_handler.go:45.51,53.3 3 0
github.com/mutsaevz/team-5-ambitious/internal/transports/user_handler.go:55.2,56.16 2 0
github.com/mutsaevz/team-5-ambitious/internal/transports/user_handler.go:56.16,64.3 3 0
github.com/mutsaevz/team-5-ambitious/internal/transports/user_handler.go:66.2,68.31 2 0
github.com/mutsaevz/team-5-ambitious/internal/transports/user_handler.go:71.46,79.49 3 0
github.com/mutsaevz/team-5-ambitious/internal/transports/user_handler.go:79.49,81.17 2 0
github.com/mutsaevz/team-5-ambitious/internal/transports/user_handler.go:81.17,83.4 1 0
github.com/mutsaevz/team-5-ambitious/internal/transports/user_handler.go:86.2,86.61 1 0
github.com/mutsaevz/team-5-ambitious/internal/transports/user_handler.go:86.61,88.17 2 0
github.com/mutsaevz/team-5-ambitious/internal/transports/user_handler.go:88.17,90.4 1 0
github.com/mutsaevz/team-5-ambitious/internal/transports/user_handler.go:93.2,94.16 2 0
github.com/mutsaevz/team-5-ambitious/internal/transports/user_handler.go:94.16,102.3 3 0
github.com/mutsaevz/team-5-ambitious/internal/transports/user_handler.go:104.2,104.32 1 0
github.com/mutsaevz/team-5-ambitious/internal/transports/user_handler.go:107.49,117.16 4 0
github.com/mutsaevz/team-5-ambitious/internal/transports/user_handler.go:117.16,123.3 3 0
github.com/mutsaevz/team-5-ambitious/internal/transports/user_handler.go:125.2,126.16 2 0
github.com/mutsaevz/team-5-ambitious/internal/transports/user_handler.go:126.16,134.3 3 0
github.com/mutsaevz/team-5-ambitious/internal/transports/user_handler.go:136.2,136.31 1 0
github.com/mutsaevz/team-5-ambitious/internal/transports/user_handler.go:139.48,147.16 4 0
github.com/mutsaevz/team-5-ambitious/internal/transports/user_handler.go:147.16,155.3 3 0
github.com/mutsaevz/team-5-ambitious/internal/transports/user_handler.go:157.2,159.51 2 0
github.com/mutsaevz/team-5-ambitious/internal/transports/user_handler.go:159.51,167.3 3 0
github.com/mutsaevz/team-5-ambitious/internal/transports/user_handler.go:169.2,171.16 2 0
github.com/mutsaevz/team-5-ambitious/internal/transports/user_handler.go:171.16,178.3 3 0
github.com/mutsaevz/team-5-ambitious/internal/transports/user_handler.go:180.2,181.34 2 0
github.com/mutsaevz/team-5-ambitious/internal/transports/user_handler.go:184.48,192.16 4 0
github.com/mutsaevz/team-5-ambitious/internal/transports/user_handler.go:192.16,200.3 3 0
github.com/mutsaevz/team-5-ambitious/internal/transports/user_handler.go:202.2,202.51 1 0
github.com/mutsaevz/team-5-ambitious/internal/transports/user_handler.go:202.51,210.3 3 0
github.com/mutsaevz/team-5-ambitious/internal/transports/user_handler.go:212.2,213.72 2 0
github.com/mutsaevz/team-5-ambitious/internal/repository/booking_repository.go:33.79,38.2 1 0
github.com/mutsaevz/team-5-ambitious/internal/repository/booking_repository.go:40.71,49.51 3 0
github.com/mutsaevz/team-5-ambitious/internal/repository/booking_repository.go:49.51,52.3 2 0
github.com/mutsaevz/team-5-ambitious/internal/repository/booking_repository.go:54.2,54.12 1 0
github.com/mutsaevz/team-5-ambitious/internal/repository/booking_repository.go:57.84,68.14 6 0
github.com/mutsaevz/team-5-ambitious/internal/repository/booking_repository.go:68.14,70.3 1 0
github.com/mutsaevz/team-5-ambitious/internal/repository/booking_repository.go:72.2,72.37 1 0
github.com/mutsaevz/team-5-ambitious/internal/repository/booking_repository.go:72.37,74.3 1 0
github.com/mutsaevz/team-5-ambitious/internal/repository/booking_repository.go:76.2,78.82 2 0
github.com/mutsaevz/team-5-ambitious/internal/repository/booking_repository.go:78.82,81.3 2 0
github.com/mutsaevz/team-5-ambitious/internal/repository/booking_repository.go:83.2,83.22 1 0
github.com/mutsaevz/team-5-ambitious/internal/repository/booking_repository.go:87.75,98.71 4 0
github.com/mutsaevz/team-5-ambitious/internal/repository/booking_repository.go:98.71,101.3 2 0
github.com/mutsaevz/team-5-ambitious/internal/repository/booking_repository.go:102.2,102.22 1 0
github.com/mutsaevz/team-5-ambitious/internal/repository/booking_repository.go:105.112,116.142 4 0
github.com/mutsaevz/team-5-ambitious/internal/repository/booking_repository.go:116.142,119.3 2 0
github.com/mutsaevz/team-5-ambitious/internal/repository/booking_repository.go:120.2,120.22 1 0
github.com/mutsaevz/team-5-ambitious/internal/repository/booking_repository.go:123.85,137.35 4 0
github.com/mutsaevz/team-5-ambitious/internal/repository/booking_repository.go:137.35,140.3 2 0
github.com/mutsaevz/team-5-ambitious/internal/repository/booking_repository.go:142.2,144.20 2 0
github.com/mutsaevz/team-5-ambitious/internal/repository/booking_repository.go:147.71,161.2 3 0
github.com/mutsaevz/team-5-ambitious/internal/repository/booking_repository.go:163.55,173.25 4 0
github.com/mutsaevz/team-5-ambitious/internal/repository/booking_repository.go:173.25,176.3 2 0
github.com/mutsaevz/team-5-ambitious/internal/repository/booking_repository.go:177.2,177.12 1 0
github.com/mutsaevz/team-5-ambitious/internal/repository/booking_repository.go:180.71,185.2 1 0
github.com/mutsaevz/team-5-ambitious/internal/repository/car_repository.go:30.71,35.2 1 0
github.com/mutsaevz/team-5-ambitious/internal/repository/car_repository.go:37.59,47.16 3 0
github.com/mutsaevz/team-5-ambitious/internal/repository/car_repository.go:47.16,53.3 2 0
github.com/mutsaevz/team-5-ambitious/internal/repository/car_repository.go:54.2,59.12 2 0
github.com/mutsaevz/team-5-ambitious/internal/repository/car_repository.go:62.70,65.73 2 0
github.com/mutsaevz/team-5-ambitious/internal/repository/car_repository.go:65.73,66.45 1 0
github.com/mutsaevz/team-5-ambitious/internal/repository/car_repository.go:66.45,68.4 1 0
github.com/mutsaevz/team-5-ambitious/internal/repository/car_repository.go:69.3,69.18 1 0
github.com/mutsaevz/team-5-ambitious/internal/repository/car_repository.go:72.2,72.18 1 0
github.com/mutsaevz/team-5-ambitious/internal/repository/car_repository.go:74.67,82.51 3 0
github.com/mutsaevz/team-5-ambitious/internal/repository/car_repository.go:82.51,83.45 1 0
github.com/mutsaevz/team-5-ambitious/internal/repository/car_repository.go:83.45,89.4 2 0
github.com/mutsaevz/team-5-ambitious/internal/repository/car_repository.go:91.3,96.18 2 0
github.com/mutsaevz/team-5-ambitious/internal/repository/car_repository.go:99.2,106.18 2 0
github.com/mutsaevz/team-5-ambitious/internal/repository/car_repository.go:109.76,117.14 5 0
github.com/mutsaevz/team-5-ambitious/internal/repository/car_repository.go:117.14,119.3 1 0
github.com/mutsaevz/team-5-ambitious/internal/repository/car_repository.go:121.2,121.37 1 0
github.com/mutsaevz/team-5-ambitious/internal/repository/car_repository.go:121.37,123.3 1 0
github.com/mutsaevz/team-5-ambitious/internal/repository/car_repository.go:125.2,127.78 2 0
github.com/mutsaevz/team-5-ambitious/internal/repository/car_repository.go:127.78,133.3 2 0
github.com/mutsaevz/team-5-ambitious/internal/repository/car_repository.go:135.2,140.18 2 0
github.com/mutsaevz/team-5-ambitious/internal/repository/car_repository.go:143.74,149.45 2 0
github.com/mutsaevz/team-5-ambitious/internal/repository/car_repository.go:149.45,156.3 2 0
github.com/mutsaevz/team-5-ambitious/internal/repository/car_repository.go:158.2,163.17 2 0
github.com/mutsaevz/team-5-ambitious/internal/repository/car_repository.go:166.51,172.61 2 0
github.com/mutsaevz/team-5-ambitious/internal/repository/car_repository.go:172.61,179.3 2 0
github.com/mutsaevz/team-5-ambitious/internal/repository/car_repository.go:181.2,186.12 2 0
github.com/mutsaevz/team-5-ambitious/internal/repository/review_repository.go:35.77,40.2 1 0
github.com/mutsaevz/team-5-ambitious/internal/repository/review_repository.go:42.68,49.50 3 0
github.com/mutsaevz/team-5-ambitious/internal/repository/review_repository.go:49.50,52.3 2 0
github.com/mutsaevz/team-5-ambitious/internal/repository/review_repository.go:53.2,53.12 1 0
github.com/mutsaevz/team-5-ambitious/internal/repository/review_repository.go:56.87,63.14 5 0
github.com/mutsaevz/team-5-ambitious/internal/repository/review_repository.go:63.14,65.3 1 0
github.com/mutsaevz/team-5-ambitious/internal/repository/review_repository.go:66.2,66.19 1 0
github.com/mutsaevz/team-5-ambitious/internal/repository/review_repository.go:66.19,68.3 1 0
github.com/mutsaevz/team-5-ambitious/internal/repository/review_repository.go:69.2,69.20 1 0
github.com/mutsaevz/team-5-ambitious/internal/repository/review_repository.go:69.20,71.3 1 0
github.com/mutsaevz/team-5-ambitious/internal/repository/review_repository.go:73.2,76.26 3 0
github.com/mutsaevz/team-5-ambitious/internal/repository/review_repository.go:76.26,78.3 1 0
github.com/mutsaevz/team-5-ambitious/internal/repository/review_repository.go:79.2,79.28 1 0
github.com/mutsaevz/team-5-ambitious/internal/repository/review_repository.go:79.28,81.3 1 0
github.com/mutsaevz/team-5-ambitious/internal/repository/review_repository.go:83.2,83.26 1 0
github.com/mutsaevz/team-5-ambitious/internal/repository/review_repository.go:83.26,85.3 1 0
github.com/mutsaevz/team-5-ambitious/internal/repository/review_repository.go:85.8,85.21 1 0
github.com/mutsaevz/team-5-ambitious/internal/repository/review_repository.go:85.21,87.3 1 0
github.com/mutsaevz/team-5-ambitious/internal/repository/review_repository.go:89.2,92.36 1 0
github.com/mutsaevz/team-5-ambitious/internal/repository/review_repository.go:92.36,95.3 2 0
github.com/mutsaevz/team-5-ambitious/internal/repository/review_repository.go:97.2,97.21 1 0
github.com/mutsaevz/team-5-ambitious/internal/repository/review_repository.go:100.73,109.70 4 0
github.com/mutsaevz/team-5-ambitious/internal/repository/review_repository.go:109.70,110.45 1 0
github.com/mutsaevz/team-5-ambitious/internal/repository/review_repository.go:110.45,112.4 1 0
github.com/mutsaevz/team-5-ambitious/internal/repository/review_repository.go:113.3,114.18 2 0
github.com/mutsaevz/team-5-ambitious/internal/repository/review_repository.go:116.2,116.21 1 0
github.com/mutsaevz/team-5-ambitious/internal/repository/review_repository.go:119.86,126.102 3 0
github.com/mutsaevz/team-5-ambitious/internal/repository/review_repository.go:126.102,129.3 2 0
github.com/mutsaevz/team-5-ambitious/internal/repository/review_repository.go:130.2,130.20 1 0
github.com/mutsaevz/team-5-ambitious/internal/repository/review_repository.go:133.54,141.25 4 0
github.com/mutsaevz/team-5-ambitious/internal/repository/review_repository.go:141.25,144.3 2 0
github.com/mutsaevz/team-5-ambitious/internal/repository/review_repository.go:145.2,145.30 1 0
github.com/mutsaevz/team-5-ambitious/internal/repository/review_repository.go:145.30,147.3 1 0
github.com/mutsaevz/team-5-ambitious/internal/repository/review_repository.go:148.2,148.12 1 0
github.com/mutsaevz/team-5-ambitious/internal/repository/review_repository.go:151.87,169.2 5 0
github.com/mutsaevz/team-5-ambitious/internal/repository/review_repository.go:171.81,183.38 4 0
github.com/mutsaevz/team-5-ambitious/internal/repository/review_repository.go:183.38,186.3 2 0
github.com/mutsaevz/team-5-ambitious/internal/repository/review_repository.go:187.2,187.23 1 0
github.com/mutsaevz/team-5-ambitious/internal/repository/review_repository.go:190.69,195.2 1 0
github.com/mutsaevz/team-5-ambitious/internal/repository/trip_repository.go:40.73,45.2 1 0
github.com/mutsaevz/team-5-ambitious/internal/repository/trip_repository.go:47.62,49.48 1 0
github.com/mutsaevz/team-5-ambitious/internal/repository/trip_repository.go:49.48,51.3 1 0
github.com/mutsaevz/team-5-ambitious/internal/repository/trip_repository.go:53.2,53.12 1 0
github.com/mutsaevz/team-5-ambitious/internal/repository/trip_repository.go:56.81,62.28 3 0
github.com/mutsaevz/team-5-ambitious/internal/repository/trip_repository.go:62.28,64.3 1 0
github.com/mutsaevz/team-5-ambitious/internal/repository/trip_repository.go:66.2,66.26 1 0
github.com/mutsaevz/team-5-ambitious/internal/repository/trip_repository.go:66.26,68.3 1 0
github.com/mutsaevz/team-5-ambitious/internal/repository/trip_repository.go:70.2,70.34 1 0
github.com/mutsaevz/team-5-ambitious/internal/repository/trip_repository.go:70.34,72.3 1 0
github.com/mutsaevz/team-5-ambitious/internal/repository/trip_repository.go:74.2,74.29 1 0
github.com/mutsaevz/team-5-ambitious/internal/repository/trip_repository.go:74.29,76.3 1 0
github.com/mutsaevz/team-5-ambitious/internal/repository/trip_repository.go:78.2,78.30 1 0
github.com/mutsaevz/team-5-ambitious/internal/repository/trip_repository.go:78.30,80.3 1 0
github.com/mutsaevz/team-5-ambitious/internal/repository/trip_repository.go:82.2,85.14 3 0
github.com/mutsaevz/team-5-ambitious/internal/repository/trip_repository.go:85.14,87.3 1 0
github.com/mutsaevz/team-5-ambitious/internal/repository/trip_repository.go:88.2,88.37 1 0
github.com/mutsaevz/team-5-ambitious/internal/repository/trip_repository.go:88.37,90.3 1 0
github.com/mutsaevz/team-5-ambitious/internal/repository/trip_repository.go:92.2,94.79 2 0
github.com/mutsaevz/team-5-ambitious/internal/repository/trip_repository.go:94.79,96.3 1 0
github.com/mutsaevz/team-5-ambitious/internal/repository/trip_repository.go:98.2,98.18 1 0
github.com/mutsaevz/team-5-ambitious/internal/repository/trip_repository.go:101.69,104.52 2 0
github.com/mutsaevz/team-5-ambitious/internal/repository/trip_repository.go:104.52,105.45 1 0
github.com/mutsaevz/team-5-ambitious/internal/repository/trip_repository.go:105.45,107.4 1 0
github.com/mutsaevz/team-5-ambitious/internal/repository/trip_repository.go:108.3,108.18 1 0
github.com/mutsaevz/team-5-ambitious/internal/repository/trip_repository.go:111.2,111.19 1 0
github.com/mutsaevz/team-5-ambitious/internal/repository/trip_repository.go:114.62,127.2 3 0
github.com/mutsaevz/team-5-ambitious/internal/repository/trip_repository.go:129.52,130.62 1 0
github.com/mutsaevz/team-5-ambitious/internal/repository/trip_repository.go:130.62,132.3 1 0
github.com/mutsaevz/team-5-ambitious/internal/repository/trip_repository.go:134.2,134.12 1 0
github.com/mutsaevz/team-5-ambitious/internal/repository/trip_repository.go:137.65,142.2 1 0
github.com/mutsaevz/team-5-ambitious/internal/repository/trip_repository.go:144.78,151.107 3 0
github.com/mutsaevz/team-5-ambitious/internal/repository/trip_repository.go:151.107,154.3 2 0
github.com/mutsaevz/team-5-ambitious/internal/repository/trip_repository.go:155.2,155.12 1 0
github.com/mutsaevz/team-5-ambitious/internal/repository/trip_repository.go:157.76,166.21 3 0
github.com/mutsaevz/team-5-ambitious/internal/repository/trip_repository.go:166.21,169.3 2 0
github.com/mutsaevz/team-5-ambitious/internal/repository/trip_repository.go:170.2,170.12 1 0
github.com/mutsaevz/team-5-ambitious/internal/repository/trip_repository.go:173.77,180.16 3 0
github.com/mutsaevz/team-5-ambitious/internal/repository/trip_repository.go:180.16,182.3 1 0
github.com/mutsaevz/team-5-ambitious/internal/repository/trip_repository.go:184.2,184.23 1 0
github.com/mutsaevz/team-5-ambitious/internal/repository/trip_repository.go:187.70,194.21 2 0
github.com/mutsaevz/team-5-ambitious/internal/repository/trip_repository.go:194.21,197.3 2 0
github.com/mutsaevz/team-5-ambitious/internal/repository/trip_repository.go:199.2,203.21 1 0
github.com/mutsaevz/team-5-ambitious/internal/repository/trip_repository.go:203.21,206.3 2 0
github.com/mutsaevz/team-5-ambitious/internal/repository/trip_repository.go:208.2,208.12 1 0
github.com/mutsaevz/team-5-ambitious/internal/repository/user_repository.go:28.73,33.2 1 0
github.com/mutsaevz/team-5-ambitious/internal/repository/user_repository.go:35.62,43.49 3 0
github.com/mutsaevz/team-5-ambitious/internal/repository/user_repository.go:43.49,49.3 2 0
github.com/mutsaevz/team-5-ambitious/internal/repository/user_repository.go:51.2,51.12 1 0
github.com/mutsaevz/team-5-ambitious/internal/repository/user_repository.go:54.78,66.14 6 0
github.com/mutsaevz/team-5-ambitious/internal/repository/user_repository.go:66.14,68.3 1 0
github.com/mutsaevz/team-5-ambitious/internal/repository/user_repository.go:70.2,70.37 1 0
github.com/mutsaevz/team-5-ambitious/internal/repository/user_repository.go:70.37,72.3 1 0
github.com/mutsaevz/team-5-ambitious/internal/repository/user_repository.go:74.2,76.79 2 0
github.com/mutsaevz/team-5-ambitious/internal/repository/user_repository.go:76.79,82.3 2 0
github.com/mutsaevz/team-5-ambitious/internal/repository/user_repository.go:84.2,84.19 1 0
github.com/mutsaevz/team-5-ambitious/internal/repository/user_repository.go:87.69,96.52 4 0
github.com/mutsaevz/team-5-ambitious/internal/repository/user_repository.go:96.52,97.45 1 0
github.com/mutsaevz/team-5-ambitious/internal/repository/user_repository.go:97.45,100.4 2 0
github.com/mutsaevz/team-5-ambitious/internal/repository/user_repository.go:102.3,106.18 2 0
github.com/mutsaevz/team-5-ambitious/internal/repository/user_repository.go:109.2,109.18 1 0
github.com/mutsaevz/team-5-ambitious/internal/repository/user_repository.go:112.70,120.91 3 0
github.com/mutsaevz/team-5-ambitious/internal/repository/user_repository.go:120.91,127.3 2 0
github.com/mutsaevz/team-5-ambitious/internal/repository/user_repository.go:129.2,129.12 1 0
github.com/mutsaevz/team-5-ambitious/internal/repository/user_repository.go:132.52,140.62 3 0
github.com/mutsaevz/team-5-ambitious/internal/repository/user_repository.go:140.62,145.3 2 0
github.com/mutsaevz/team-5-ambitious/internal/repository/user_repository.go:147.2,147.12 1 0
github.com/mutsaevz/team-5-ambitious/internal/services/booking_service.go:45.18,52.2 1 0
github.com/mutsaevz/team-5-ambitious/internal/services/booking_service.go:56.28,67.54 4 0
github.com/mutsaevz/team-5-ambitious/internal/services/booking_service.go:67.54,70.3 2 0
github.com/mutsaevz/team-5-ambitious/internal/services/booking_service.go:71.2,72.21 2 0
github.com/mutsaevz/team-5-ambitious/internal/services/booking_service.go:75.66,76.50 1 0
github.com/mutsaevz/team-5-ambitious/internal/services/booking_service.go:76.50,81.17 4 0
github.com/mutsaevz/team-5-ambitious/internal/services/booking_service.go:81.17,83.4 1 0
github.com/mutsaevz/team-5-ambitious/internal/services/booking_service.go:85.3,85.56 1 0
github.com/mutsaevz/team-5-ambitious/internal/services/booking_service.go:85.56,87.4 1 0
github.com/mutsaevz/team-5-ambitious/internal/services/booking_service.go:89.3,90.17 2 0
github.com/mutsaevz/team-5-ambitious/internal/services/booking_service.go:90.17,92.4 1 0
github.com/mutsaevz/team-5-ambitious/internal/services/booking_service.go:94.3,94.32 1 0
github.com/mutsaevz/team-5-ambitious/internal/services/booking_service.go:94.32,96.4 1 0
github.com/mutsaevz/team-5-ambitious/internal/services/booking_service.go:98.3,98.31 1 0
github.com/mutsaevz/team-5-ambitious/internal/services/booking_service.go:98.31,100.4 1 0
github.com/mutsaevz/team-5-ambitious/internal/services/booking_service.go:103.3,107.17 4 0
github.com/mutsaevz/team-5-ambitious/internal/services/booking_service.go:107.17,109.4 1 0
github.com/mutsaevz/team-5-ambitious/internal/services/booking_service.go:111.3,112.17 2 0
github.com/mutsaevz/team-5-ambitious/internal/services/booking_service.go:112.17,114.4 1 0
github.com/mutsaevz/team-5-ambitious/internal/services/booking_service.go:116.3,116.13 1 0
github.com/mutsaevz/team-5-ambitious/internal/services/booking_service.go:120.72,121.50 1 0
github.com/mutsaevz/team-5-ambitious/internal/services/booking_service.go:121.50,126.17 4 0
github.com/mutsaevz/team-5-ambitious/internal/services/booking_service.go:126.17,128.4 1 0
github.com/mutsaevz/team-5-ambitious/internal/services/booking_service.go:130.3,131.17 2 0
github.com/mutsaevz/team-5-ambitious/internal/services/booking_service.go:131.17,133.4 1 0
github.com/mutsaevz/team-5-ambitious/internal/services/booking_service.go:135.3,135.32 1 0
github.com/mutsaevz/team-5-ambitious/internal/services/booking_service.go:135.32,137.4 1 0
github.com/mutsaevz/team-5-ambitious/internal/services/booking_service.go:139.3,139.56 1 0
github.com/mutsaevz/team-5-ambitious/internal/services/booking_service.go:139.56,141.4 1 0
github.com/mutsaevz/team-5-ambitious/internal/services/booking_service.go:143.3,145.53 2 0
github.com/mutsaevz/team-5-ambitious/internal/services/booking_service.go:145.53,147.4 1 0
github.com/mutsaevz/team-5-ambitious/internal/services/booking_service.go:149.3,149.13 1 0
github.com/mutsaevz/team-5-ambitious/internal/services/booking_service.go:153.105,160.16 4 0
github.com/mutsaevz/team-5-ambitious/internal/services/booking_service.go:160.16,163.3 2 0
github.com/mutsaevz/team-5-ambitious/internal/services/booking_service.go:164.2,165.22 2 0
github.com/mutsaevz/team-5-ambitious/internal/services/booking_service.go:168.77,175.16 4 0
github.com/mutsaevz/team-5-ambitious/internal/services/booking_service.go:175.16,178.3 2 0
github.com/mutsaevz/team-5-ambitious/internal/services/booking_service.go:179.2,180.22 2 0
github.com/mutsaevz/team-5-ambitious/internal/services/booking_service.go:183.68,189.16 4 0
github.com/mutsaevz/team-5-ambitious/internal/services/booking_service.go:189.16,192.3 2 0
github.com/mutsaevz/team-5-ambitious/internal/services/booking_service.go:193.2,193.21 1 0
github.com/mutsaevz/team-5-ambitious/internal/services/booking_service.go:196.98,202.16 4 0
github.com/mutsaevz/team-5-ambitious/internal/services/booking_service.go:202.16,205.3 2 0
github.com/mutsaevz/team-5-ambitious/internal/services/booking_service.go:206.2,206.30 1 0
github.com/mutsaevz/team-5-ambitious/internal/services/booking_service.go:206.30,208.3 1 0
github.com/mutsaevz/team-5-ambitious/internal/services/booking_service.go:210.2,210.54 1 0
github.com/mutsaevz/team-5-ambitious/internal/services/booking_service.go:210.54,213.3 2 0
github.com/mutsaevz/team-5-ambitious/internal/services/booking_service.go:214.2,215.21 2 0
github.com/mutsaevz/team-5-ambitious/internal/services/booking_service.go:218.48,223.49 3 0
github.com/mutsaevz/team-5-ambitious/internal/services/booking_service.go:223.49,226.3 2 0
github.com/mutsaevz/team-5-ambitious/internal/services/booking_service.go:227.2,228.12 2 0
github.com/mutsaevz/team-5-ambitious/internal/services/car_service.go:32.122,38.2 1 0
github.com/mutsaevz/team-5-ambitious/internal/services/car_service.go:40.85,42.16 2 0
github.com/mutsaevz/team-5-ambitious/internal/services/car_service.go:42.16,45.3 2 0
github.com/mutsaevz/team-5-ambitious/internal/services/car_service.go:47.2,54.47 2 0
github.com/mutsaevz/team-5-ambitious/internal/services/car_service.go:54.47,56.3 1 0
github.com/mutsaevz/team-5-ambitious/internal/services/car_service.go:58.2,58.18 1 0
github.com/mutsaevz/team-5-ambitious/internal/services/car_service.go:61.63,63.16 2 0
github.com/mutsaevz/team-5-ambitious/internal/services/car_service.go:63.16,66.3 2 0
github.com/mutsaevz/team-5-ambitious/internal/services/car_service.go:68.2,68.17 1 0
github.com/mutsaevz/team-5-ambitious/internal/services/car_service.go:71.60,73.16 2 0
github.com/mutsaevz/team-5-ambitious/internal/services/car_service.go:73.16,76.3 2 0
github.com/mutsaevz/team-5-ambitious/internal/services/car_service.go:77.2,77.17 1 0
github.com/mutsaevz/team-5-ambitious/internal/services/car_service.go:80.69,82.16 2 0
github.com/mutsaevz/team-5-ambitious/internal/services/car_service.go:82.16,85.3 2 0
github.com/mutsaevz/team-5-ambitious/internal/services/car_service.go:86.2,86.18 1 0
github.com/mutsaevz/team-5-ambitious/internal/services/car_service.go:89.85,91.16 2 0
github.com/mutsaevz/team-5-ambitious/internal/services/car_service.go:91.16,94.3 2 0
github.com/mutsaevz/team-5-ambitious/internal/services/car_service.go:96.2,96.22 1 0
github.com/mutsaevz/team-5-ambitious/internal/services/car_service.go:96.22,98.3 1 0
github.com/mutsaevz/team-5-ambitious/internal/services/car_service.go:99.2,99.25 1 0
github.com/mutsaevz/team-5-ambitious/internal/services/car_service.go:99.25,101.3 1 0
github.com/mutsaevz/team-5-ambitious/internal/services/car_service.go:102.2,102.22 1 0
github.com/mutsaevz/team-5-ambitious/internal/services/car_service.go:102.22,104.3 1 0
github.com/mutsaevz/team-5-ambitious/internal/services/car_service.go:106.2,107.16 2 0
github.com/mutsaevz/team-5-ambitious/internal/services/car_service.go:107.16,110.3 2 0
github.com/mutsaevz/team-5-ambitious/internal/services/car_service.go:112.2,112.24 1 0
github.com/mutsaevz/team-5-ambitious/internal/services/car_service.go:115.44,117.16 2 0
github.com/mutsaevz/team-5-ambitious/internal/services/car_service.go:117.16,120.3 2 0
github.com/mutsaevz/team-5-ambitious/internal/services/car_service.go:122.2,122.45 1 0
github.com/mutsaevz/team-5-ambitious/internal/services/car_service.go:122.45,125.3 2 0
github.com/mutsaevz/team-5-ambitious/internal/services/car_service.go:127.2,128.12 2 0
github.com/mutsaevz/team-5-ambitious/internal/services/review_service.go:52.17,60.2 1 0
github.com/mutsaevz/team-5-ambitious/internal/services/review_service.go:62.109,67.50 3 0
github.com/mutsaevz/team-5-ambitious/internal/services/review_service.go:67.50,72.17 4 0
github.com/mutsaevz/team-5-ambitious/internal/services/review_service.go:72.17,74.4 1 0
github.com/mutsaevz/team-5-ambitious/internal/services/review_service.go:76.3,76.57 1 0
github.com/mutsaevz/team-5-ambitious/internal/services/review_service.go:76.57,82.4 2 0
github.com/mutsaevz/team-5-ambitious/internal/services/review_service.go:84.3,85.17 2 0
github.com/mutsaevz/team-5-ambitious/internal/services/review_service.go:85.17,87.4 1 0
github.com/mutsaevz/team-5-ambitious/internal/services/review_service.go:89.3,89.19 1 0
github.com/mutsaevz/team-5-ambitious/internal/services/review_service.go:89.19,96.4 2 0
github.com/mutsaevz/team-5-ambitious/internal/services/review_service.go:98.3,99.17 2 0
github.com/mutsaevz/team-5-ambitious/internal/services/review_service.go:99.17,102.4 2 0
github.com/mutsaevz/team-5-ambitious/internal/services/review_service.go:103.3,103.13 1 0
github.com/mutsaevz/team-5-ambitious/internal/services/review_service.go:103.13,107.4 2 0
github.com/mutsaevz/team-5-ambitious/internal/services/review_service.go:109.3,116.43 2 0
github.com/mutsaevz/team-5-ambitious/internal/services/review_service.go:116.43,119.4 2 0
github.com/mutsaevz/team-5-ambitious/internal/services/review_service.go:121.3,121.63 1 0
github.com/mutsaevz/team-5-ambitious/internal/services/review_service.go:121.63,124.4 2 0
github.com/mutsaevz/team-5-ambitious/internal/services/review_service.go:126.3,127.13 2 0
github.com/mutsaevz/team-5-ambitious/internal/services/review_service.go:130.2,130.16 1 0
github.com/mutsaevz/team-5-ambitious/internal/services/review_service.go:130.16,132.3 1 0
github.com/mutsaevz/team-5-ambitious/internal/services/review_service.go:133.2,134.21 2 0
github.com/mutsaevz/team-5-ambitious/internal/services/review_service.go:137.80,149.14 5 0
github.com/mutsaevz/team-5-ambitious/internal/services/review_service.go:149.14,152.66 2 0
github.com/mutsaevz/team-5-ambitious/internal/services/review_service.go:152.66,154.55 2 0
github.com/mutsaevz/team-5-ambitious/internal/services/review_service.go:154.55,157.5 2 0
github.com/mutsaevz/team-5-ambitious/internal/services/review_service.go:161.2,162.16 2 0
github.com/mutsaevz/team-5-ambitious/internal/services/review_service.go:162.16,164.3 1 0
github.com/mutsaevz/team-5-ambitious/internal/services/review_service.go:166.2,166.14 1 0
github.com/mutsaevz/team-5-ambitious/internal/services/review_service.go:166.14,170.3 3 0
github.com/mutsaevz/team-5-ambitious/internal/services/review_service.go:172.2,172.19 1 0
github.com/mutsaevz/team-5-ambitious/internal/services/review_service.go:175.66,180.16 4 0
github.com/mutsaevz/team-5-ambitious/internal/services/review_service.go:180.16,183.3 2 0
github.com/mutsaevz/team-5-ambitious/internal/services/review_service.go:184.2,185.20 2 0
github.com/mutsaevz/team-5-ambitious/internal/services/review_service.go:188.105,193.50 3 0
github.com/mutsaevz/team-5-ambitious/internal/services/review_service.go:193.50,198.17 4 0
github.com/mutsaevz/team-5-ambitious/internal/services/review_service.go:198.17,200.4 1 0
github.com/mutsaevz/team-5-ambitious/internal/services/review_service.go:202.3,202.34 1 0
github.com/mutsaevz/team-5-ambitious/internal/services/review_service.go:202.34,204.4 1 0
github.com/mutsaevz/team-5-ambitious/internal/services/review_service.go:206.3,206.22 1 0
github.com/mutsaevz/team-5-ambitious/internal/services/review_service.go:206.22,208.4 1 0
github.com/mutsaevz/team-5-ambitious/internal/services/review_service.go:209.3,209.24 1 0
github.com/mutsaevz/team-5-ambitious/internal/services/review_service.go:209.24,211.4 1 0
github.com/mutsaevz/team-5-ambitious/internal/services/review_service.go:213.3,213.46 1 0
github.com/mutsaevz/team-5-ambitious/internal/services/review_service.go:213.46,216.4 2 0
github.com/mutsaevz/team-5-ambitious/internal/services/review_service.go:218.3,218.70 1 0
github.com/mutsaevz/team-5-ambitious/internal/services/review_service.go:218.70,220.4 1 0
github.com/mutsaevz/team-5-ambitious/internal/services/review_service.go:222.3,223.13 2 0
github.com/mutsaevz/team-5-ambitious/internal/services/review_service.go:226.2,226.16 1 0
github.com/mutsaevz/team-5-ambitious/internal/services/review_service.go:226.16,228.3 1 0
github.com/mutsaevz/team-5-ambitious/internal/services/review_service.go:229.2,230.21 2 0
github.com/mutsaevz/team-5-ambitious/internal/services/review_service.go:233.57,236.50 2 0
github.com/mutsaevz/team-5-ambitious/internal/services/review_service.go:236.50,241.17 4 0
github.com/mutsaevz/team-5-ambitious/internal/services/review_service.go:241.17,243.4 1 0
github.com/mutsaevz/team-5-ambitious/internal/services/review_service.go:245.3,245.34 1 0
github.com/mutsaevz/team-5-ambitious/internal/services/review_service.go:245.34,247.4 1 0
github.com/mutsaevz/team-5-ambitious/internal/services/review_service.go:249.3,249.39 1 0
github.com/mutsaevz/team-5-ambitious/internal/services/review_service.go:249.39,252.4 2 0
github.com/mutsaevz/team-5-ambitious/internal/services/review_service.go:254.3,254.54 1 0
github.com/mutsaevz/team-5-ambitious/internal/services/review_service.go:256.2,256.16 1 0
github.com/mutsaevz/team-5-ambitious/internal/services/review_service.go:256.16,258.3 1 0
github.com/mutsaevz/team-5-ambitious/internal/services/review_service.go:259.2,260.12 2 0
github.com/mutsaevz/team-5-ambitious/internal/services/review_service.go:264.57,266.26 2 0
github.com/mutsaevz/team-5-ambitious/internal/services/review_service.go:266.26,268.3 1 0
github.com/mutsaevz/team-5-ambitious/internal/services/review_service.go:270.2,271.28 2 0
github.com/mutsaevz/team-5-ambitious/internal/services/review_service.go:271.28,273.3 1 0
github.com/mutsaevz/team-5-ambitious/internal/services/review_service.go:275.2,276.14 2 0
github.com/mutsaevz/team-5-ambitious/internal/services/review_service.go:276.14,278.3 1 0
github.com/mutsaevz/team-5-ambitious/internal/services/review_service.go:280.2,281.19 2 0
github.com/mutsaevz/team-5-ambitious/internal/services/review_service.go:281.19,283.3 1 0
github.com/mutsaevz/team-5-ambitious/internal/services/review_service.go:284.2,284.20 1 0
github.com/mutsaevz/team-5-ambitious/internal/services/review_service.go:284.20,286.3 1 0
github.com/mutsaevz/team-5-ambitious/internal/services/review_service.go:288.2,294.3 1 0
github.com/mutsaevz/team-5-ambitious/internal/services/review_service.go:297.53,301.33 3 0
github.com/mutsaevz/team-5-ambitious/internal/services/review_service.go:301.33,307.3 2 0
github.com/mutsaevz/team-5-ambitious/internal/services/trip_service.go:35.35,42.2 1 0
github.com/mutsaevz/team-5-ambitious/internal/services/trip_service.go:44.89,47.16 2 0
github.com/mutsaevz/team-5-ambitious/internal/services/trip_service.go:47.16,49.3 1 0
github.com/mutsaevz/team-5-ambitious/internal/services/trip_service.go:51.2,53.16 2 0
github.com/mutsaevz/team-5-ambitious/internal/services/trip_service.go:53.16,55.3 1 0
github.com/mutsaevz/team-5-ambitious/internal/services/trip_service.go:57.2,71.49 2 0
github.com/mutsaevz/team-5-ambitious/internal/services/trip_service.go:71.49,73.3 1 0
github.com/mutsaevz/team-5-ambitious/internal/services/trip_service.go:75.2,75.19 1 0
github.com/mutsaevz/team-5-ambitious/internal/services/trip_service.go:78.74,80.2 1 0
github.com/mutsaevz/team-5-ambitious/internal/services/trip_service.go:82.62,84.16 2 0
github.com/mutsaevz/team-5-ambitious/internal/services/trip_service.go:84.16,90.3 2 0
github.com/mutsaevz/team-5-ambitious/internal/services/trip_service.go:92.2,92.18 1 0
github.com/mutsaevz/team-5-ambitious/internal/services/trip_service.go:95.88,97.16 2 0
github.com/mutsaevz/team-5-ambitious/internal/services/trip_service.go:97.16,103.3 2 0
github.com/mutsaevz/team-5-ambitious/internal/services/trip_service.go:105.2,105.25 1 0
github.com/mutsaevz/team-5-ambitious/internal/services/trip_service.go:105.25,107.3 1 0
github.com/mutsaevz/team-5-ambitious/internal/services/trip_service.go:108.2,108.23 1 0
github.com/mutsaevz/team-5-ambitious/internal/services/trip_service.go:108.23,110.3 1 0
github.com/mutsaevz/team-5-ambitious/internal/services/trip_service.go:111.2,111.26 1 0
github.com/mutsaevz/team-5-ambitious/internal/services/trip_service.go:111.26,113.3 1 0
github.com/mutsaevz/team-5-ambitious/internal/services/trip_service.go:114.2,114.28 1 0
github.com/mutsaevz/team-5-ambitious/internal/services/trip_service.go:114.28,116.3 1 0
github.com/mutsaevz/team-5-ambitious/internal/services/trip_service.go:117.2,117.31 1 0
github.com/mutsaevz/team-5-ambitious/internal/services/trip_service.go:117.31,119.3 1 0
github.com/mutsaevz/team-5-ambitious/internal/services/trip_service.go:120.2,120.22 1 0
github.com/mutsaevz/team-5-ambitious/internal/services/trip_service.go:120.22,122.3 1 0
github.com/mutsaevz/team-5-ambitious/internal/services/trip_service.go:123.2,123.27 1 0
github.com/mutsaevz/team-5-ambitious/internal/services/trip_service.go:123.27,125.3 1 0
github.com/mutsaevz/team-5-ambitious/internal/services/trip_service.go:127.2,127.48 1 0
github.com/mutsaevz/team-5-ambitious/internal/services/trip_service.go:127.48,133.3 2 0
github.com/mutsaevz/team-5-ambitious/internal/services/trip_service.go:135.2,135.18 1 0
github.com/mutsaevz/team-5-ambitious/internal/services/trip_service.go:138.45,140.16 2 0
github.com/mutsaevz/team-5-ambitious/internal/services/trip_service.go:140.16,146.3 2 0
github.com/mutsaevz/team-5-ambitious/internal/services/trip_service.go:148.2,148.46 1 0
github.com/mutsaevz/team-5-ambitious/internal/services/trip_service.go:148.46,154.3 2 0
github.com/mutsaevz/team-5-ambitious/internal/services/trip_service.go:156.2,156.12 1 0
github.com/mutsaevz/team-5-ambitious/internal/services/trip_status_worker.go:21.21,27.2 1 0
github.com/mutsaevz/team-5-ambitious/internal/services/trip_status_worker.go:29.55,32.12 2 0
github.com/mutsaevz/team-5-ambitious/internal/services/trip_status_worker.go:32.12,35.7 2 0
github.com/mutsaevz/team-5-ambitious/internal/services/trip_status_worker.go:35.7,36.11 1 0
github.com/mutsaevz/team-5-ambitious/internal/services/trip_status_worker.go:37.22,39.11 2 0
github.com/mutsaevz/team-5-ambitious/internal/services/trip_status_worker.go:41.20,43.58 2 0
github.com/mutsaevz/team-5-ambitious/internal/services/trip_status_worker.go:43.58,48.6 1 0
github.com/mutsaevz/team-5-ambitious/internal/services/user_service.go:28.90,33.2 1 0
github.com/mutsaevz/team-5-ambitious/internal/services/user_service.go:35.80,42.45 2 0
github.com/mutsaevz/team-5-ambitious/internal/services/user_service.go:42.45,47.3 2 0
github.com/mutsaevz/team-5-ambitious/internal/services/user_service.go:49.2,49.19 1 0
github.com/mutsaevz/team-5-ambitious/internal/services/user_service.go:52.71,54.16 2 0
github.com/mutsaevz/team-5-ambitious/internal/services/user_service.go:54.16,59.3 2 0
github.com/mutsaevz/team-5-ambitious/internal/services/user_service.go:61.2,61.19 1 0
github.com/mutsaevz/team-5-ambitious/internal/services/user_service.go:64.62,66.16 2 0
github.com/mutsaevz/team-5-ambitious/internal/services/user_service.go:66.16,71.3 2 0
github.com/mutsaevz/team-5-ambitious/internal/services/user_service.go:73.2,73.18 1 0
github.com/mutsaevz/team-5-ambitious/internal/services/user_service.go:76.88,78.16 2 0
github.com/mutsaevz/team-5-ambitious/internal/services/user_service.go:78.16,84.3 2 0
github.com/mutsaevz/team-5-ambitious/internal/services/user_service.go:86.2,86.21 1 0
github.com/mutsaevz/team-5-ambitious/internal/services/user_service.go:86.21,88.3 1 0
github.com/mutsaevz/team-5-ambitious/internal/services/user_service.go:90.2,90.22 1 0
github.com/mutsaevz/team-5-ambitious/internal/services/user_service.go:90.22,92.3 1 0
github.com/mutsaevz/team-5-ambitious/internal/services/user_service.go:94.2,94.48 1 0
github.com/mutsaevz/team-5-ambitious/internal/services/user_service.go:94.48,100.3 2 0
github.com/mutsaevz/team-5-ambitious/internal/services/user_service.go:102.2,102.18 1 0
github.com/mutsaevz/team-5-ambitious/internal/services/user_service.go:105.45,107.16 2 0
github.com/mutsaevz/team-5-ambitious/internal/services/user_service.go:107.16,113.3 2 0
github.com/mutsaevz/team-5-ambitious/internal/services/user_service.go:115.2,115.12 1 0
